<?xml version="1.0" encoding="UTF-8"?>
<testsuite xmlns:xsi="http://www.w3.org/2001/XMLSchema-instance" xsi:noNamespaceSchemaLocation="https://maven.apache.org/surefire/maven-surefire-plugin/xsd/surefire-test-report-3.0.xsd" version="3.0" name="com.qa.learning.tests.CheckBoxTest" time="6.315" tests="2" errors="0" skipped="0" failures="0">
  <properties>
[...]
</properties>
  <testcase name="testSelectHomeCheckbox" classname="com.qa.learning.tests.CheckBoxTest" time="2.703">
    <system-out><![CDATA[14:42:10 [INFO ] com.qa.learning.tests.CheckBoxTest - === Starting CheckBoxTest suite ===
14:42:11 [INFO ] com.qa.learning.tests.CheckBoxTest - Setting up page for CheckBoxTest
14:42:11 [INFO ] com.qa.learning.pages.CheckBoxPage - Initializing CheckBoxPage locators
14:42:11 [INFO ] com.qa.learning.pages.CheckBoxPage - Navigating to CheckBox page
14:42:13 [INFO ] com.qa.learning.tests.CheckBoxTest - Running test: testSelectHomeCheckbox
14:42:13 [INFO ] com.qa.learning.pages.CheckBoxPage - Tree already expanded on page load - skipping expand
14:42:13 [INFO ] com.qa.learning.pages.CheckBoxPage - Selecting Home checkbox
14:42:13 [INFO ] com.qa.learning.pages.CheckBoxPage - Result display visible: true
14:42:13 [INFO ] com.qa.learning.pages.CheckBoxPage - Selected result displayed: You have selected :
home
desktop
documents
downloads
notes
commands
workspace
office
wordFile
excelFile
react
angular
veu
public
private
classified
general
14:42:13 [INFO ] com.qa.learning.tests.CheckBoxTest - ✅ Test passed - result: You have selected :
home
desktop
documents
downloads
notes
commands
workspace
office
wordFile
excelFile
react
angular
veu
public
private
classified
general
14:42:13 [INFO ] com.qa.learning.pages.BasePage - Capturing screenshot: target/screenshots/end_testSelectHomeCheckbox_20260321_144213.png
14:42:14 [INFO ] com.qa.learning.pages.BasePage - Screenshot saved and attached to Allure report: target/screenshots/end_testSelectHomeCheckbox_20260321_144213.png
14:42:14 [INFO ] com.qa.learning.tests.CheckBoxTest - Closing page after: Selecting Home checkbox selects all children
]]></system-out>
  </testcase>
  <testcase name="testNoResultBeforeSelection" classname="com.qa.learning.tests.CheckBoxTest" time="2.255">
    <system-out><![CDATA[14:42:14 [INFO ] com.qa.learning.tests.CheckBoxTest - Setting up page for CheckBoxTest
14:42:14 [INFO ] com.qa.learning.pages.CheckBoxPage - Initializing CheckBoxPage locators
14:42:14 [INFO ] com.qa.learning.pages.CheckBoxPage - Navigating to CheckBox page
14:42:16 [INFO ] com.qa.learning.tests.CheckBoxTest - Running test: testNoResultBeforeSelection
14:42:16 [INFO ] com.qa.learning.tests.CheckBoxTest - ✅ Test passed - no result shown before selection
14:42:16 [INFO ] com.qa.learning.pages.BasePage - Capturing screenshot: target/screenshots/end_testNoResultBeforeSelection_20260321_144216.png
14:42:16 [INFO ] com.qa.learning.pages.BasePage - Screenshot saved and attached to Allure report: target/screenshots/end_testNoResultBeforeSelection_20260321_144216.png
14:42:16 [INFO ] com.qa.learning.tests.CheckBoxTest - Closing page after: Result section not visible before any selection
]]></system-out>
  </testcase>
</testsuite>