<?xml version="1.0" encoding="UTF-8"?>
<testsuite xmlns:xsi="http://www.w3.org/2001/XMLSchema-instance" xsi:noNamespaceSchemaLocation="https://maven.apache.org/surefire/maven-surefire-plugin/xsd/surefire-test-report-3.0.xsd" version="3.0" name="com.qa.learning.tests.TextBoxTest" time="6.487" tests="1" errors="0" skipped="0" failures="0">
  <properties>
[...]
</properties>
  <testcase name="testTextBoxForm" classname="com.qa.learning.tests.TextBoxTest" time="3.718">
    <system-out><![CDATA[19:15:49 [INFO ] com.qa.learning.tests.TextBoxTest - === Starting TextBoxTest suite ===
19:15:51 [INFO ] com.qa.learning.tests.TextBoxTest - Browser launched successfully
19:15:51 [INFO ] com.qa.learning.tests.TextBoxTest - Creating new page and navigating to TextBox
19:15:51 [INFO ] com.qa.learning.pages.TextBoxPage - Initializing TextBoxPage locators
19:15:51 [INFO ] com.qa.learning.pages.TextBoxPage - Navigating to Text Box page
19:15:54 [INFO ] com.qa.learning.tests.TextBoxTest - Running test: testTextBoxForm
19:15:54 [INFO ] com.qa.learning.pages.TextBoxPage - Filling form with name: Susan Barrows and email: susan@test.com
19:15:54 [INFO ] com.qa.learning.pages.TextBoxPage - Clicking submit button
19:15:54 [INFO ] com.qa.learning.tests.TextBoxTest - Asserting output name is correct
19:15:54 [INFO ] com.qa.learning.tests.TextBoxTest - Asserting output email is correct
19:15:54 [INFO ] com.qa.learning.pages.TextBoxPage - Output name displayed: Name:Susan Barrows
19:15:54 [INFO ] com.qa.learning.tests.TextBoxTest - ✅ Test passed: Name:Susan Barrows
19:15:54 [INFO ] com.qa.learning.tests.TextBoxTest - Closing page after test
]]></system-out>
  </testcase>
</testsuite>