<?xml version="1.0" encoding="UTF-8"?>
<testsuite xmlns:xsi="http://www.w3.org/2001/XMLSchema-instance" xsi:noNamespaceSchemaLocation="https://maven.apache.org/surefire/maven-surefire-plugin/xsd/surefire-test-report-3.0.xsd" version="3.0" name="com.qa.learning.tests.AlertsTest" time="9.975" tests="4" errors="0" skipped="0" failures="0">
  <properties>
[...]
</properties>
  <testcase name="testSimpleAlert" classname="com.qa.learning.tests.AlertsTest" time="2.449">
    <system-out><![CDATA[14:25:27 [INFO ] com.qa.learning.tests.AlertsTest - === Starting AlertsTest suite ===
14:25:27 [INFO ] com.qa.learning.tests.AlertsTest - Browser launched successfully
14:25:27 [INFO ] com.qa.learning.tests.AlertsTest - Creating new page and navigating to Alerts page
14:25:28 [INFO ] com.qa.learning.pages.AlertsPage - Initializing AlertsPage locators
14:25:28 [INFO ] com.qa.learning.pages.AlertsPage - Navigating to Alerts page
14:25:30 [INFO ] com.qa.learning.tests.AlertsTest - Running test: testSimpleAlert
14:25:30 [INFO ] com.qa.learning.pages.BasePage - Capturing screenshot: target/screenshots/simple_alert_before_20260323_142530.png
14:25:30 [INFO ] com.qa.learning.pages.BasePage - Screenshot saved and attached to Allure report: target/screenshots/simple_alert_before_20260323_142530.png
14:25:30 [INFO ] com.qa.learning.pages.AlertsPage - Setting up alert listener and clicking alert button
14:25:30 [INFO ] com.qa.learning.pages.AlertsPage - Alert appeared with message: You clicked a button
14:25:30 [INFO ] com.qa.learning.pages.AlertsPage - Alert accepted successfully
14:25:30 [INFO ] com.qa.learning.pages.BasePage - Capturing screenshot: target/screenshots/simple_alert_after_20260323_142530.png
14:25:30 [INFO ] com.qa.learning.pages.BasePage - Screenshot saved and attached to Allure report: target/screenshots/simple_alert_after_20260323_142530.png
14:25:30 [INFO ] com.qa.learning.tests.AlertsTest - ✅ Simple alert accepted successfully
14:25:30 [INFO ] com.qa.learning.tests.AlertsTest - Closing page after test
]]></system-out>
  </testcase>
  <testcase name="testPromptInput" classname="com.qa.learning.tests.AlertsTest" time="2.285">
    <system-out><![CDATA[14:25:30 [INFO ] com.qa.learning.tests.AlertsTest - Creating new page and navigating to Alerts page
14:25:30 [INFO ] com.qa.learning.pages.AlertsPage - Initializing AlertsPage locators
14:25:30 [INFO ] com.qa.learning.pages.AlertsPage - Navigating to Alerts page
14:25:32 [INFO ] com.qa.learning.tests.AlertsTest - Running test: testPromptInput
14:25:32 [INFO ] com.qa.learning.pages.BasePage - Capturing screenshot: target/screenshots/prompt_alert_before_20260323_142532.png
14:25:32 [INFO ] com.qa.learning.pages.BasePage - Screenshot saved and attached to Allure report: target/screenshots/prompt_alert_before_20260323_142532.png
14:25:32 [INFO ] com.qa.learning.pages.AlertsPage - Setting up prompt listener - will type: Susan
14:25:32 [INFO ] com.qa.learning.pages.AlertsPage - Prompt appeared: Please enter your name
14:25:32 [INFO ] com.qa.learning.pages.BasePage - Capturing screenshot: target/screenshots/prompt_alert_after_20260323_142532.png
14:25:32 [INFO ] com.qa.learning.pages.BasePage - Screenshot saved and attached to Allure report: target/screenshots/prompt_alert_after_20260323_142532.png
14:25:32 [INFO ] com.qa.learning.pages.AlertsPage - Prompt result: You entered Susan
14:25:32 [INFO ] com.qa.learning.tests.AlertsTest - ✅ Prompt input verified
14:25:32 [INFO ] com.qa.learning.tests.AlertsTest - Closing page after test
]]></system-out>
  </testcase>
  <testcase name="testConfirmDismiss" classname="com.qa.learning.tests.AlertsTest" time="2.149">
    <system-out><![CDATA[14:25:32 [INFO ] com.qa.learning.tests.AlertsTest - Creating new page and navigating to Alerts page
14:25:32 [INFO ] com.qa.learning.pages.AlertsPage - Initializing AlertsPage locators
14:25:32 [INFO ] com.qa.learning.pages.AlertsPage - Navigating to Alerts page
14:25:34 [INFO ] com.qa.learning.tests.AlertsTest - Running test: testConfirmDismiss
14:25:34 [INFO ] com.qa.learning.pages.AlertsPage - Setting up confirm listener - will click Cancel
14:25:34 [INFO ] com.qa.learning.pages.AlertsPage - Confirm box appeared: Do you confirm action?
14:25:34 [INFO ] com.qa.learning.pages.BasePage - Capturing screenshot: target/screenshots/confirm_alert_after_dismiss_20260323_142534.png
14:25:34 [INFO ] com.qa.learning.pages.BasePage - Screenshot saved and attached to Allure report: target/screenshots/confirm_alert_after_dismiss_20260323_142534.png
14:25:34 [INFO ] com.qa.learning.pages.AlertsPage - Confirm result: You selected Cancel
14:25:34 [INFO ] com.qa.learning.tests.AlertsTest - ✅ Confirm dismissed - result verified
14:25:34 [INFO ] com.qa.learning.tests.AlertsTest - Closing page after test
]]></system-out>
  </testcase>
  <testcase name="testConfirmAccept" classname="com.qa.learning.tests.AlertsTest" time="2.261">
    <system-out><![CDATA[14:25:34 [INFO ] com.qa.learning.tests.AlertsTest - Creating new page and navigating to Alerts page
14:25:34 [INFO ] com.qa.learning.pages.AlertsPage - Initializing AlertsPage locators
14:25:34 [INFO ] com.qa.learning.pages.AlertsPage - Navigating to Alerts page
14:25:36 [INFO ] com.qa.learning.tests.AlertsTest - Running test: testConfirmAccept
14:25:36 [INFO ] com.qa.learning.pages.BasePage - Capturing screenshot: target/screenshots/confirm_alert_before_20260323_142536.png
14:25:36 [INFO ] com.qa.learning.pages.BasePage - Screenshot saved and attached to Allure report: target/screenshots/confirm_alert_before_20260323_142536.png
14:25:36 [INFO ] com.qa.learning.pages.AlertsPage - Setting up confirm listener - will click OK
14:25:36 [INFO ] com.qa.learning.pages.AlertsPage - Confirm box appeared: Do you confirm action?
14:25:36 [INFO ] com.qa.learning.pages.BasePage - Capturing screenshot: target/screenshots/confirm_alert_after_accept_20260323_142536.png
14:25:37 [INFO ] com.qa.learning.pages.BasePage - Screenshot saved and attached to Allure report: target/screenshots/confirm_alert_after_accept_20260323_142536.png
14:25:37 [INFO ] com.qa.learning.pages.AlertsPage - Confirm result: You selected Ok
14:25:37 [INFO ] com.qa.learning.tests.AlertsTest - ✅ Confirm accepted - result verified
14:25:37 [INFO ] com.qa.learning.tests.AlertsTest - Closing page after test
]]></system-out>
  </testcase>
</testsuite>